Sat May 24 21:00:39 IST 2025  [debug] AvalonLogSystem initialized using logfile 'velocity.log'
Sat May 24 21:00:39 IST 2025   [info] ************************************************************** 
Sat May 24 21:00:39 IST 2025   [info] Starting Jakarta Velocity v1.3.1
Sat May 24 21:00:39 IST 2025   [info] RuntimeInstance initializing.
Sat May 24 21:00:39 IST 2025   [info] Default Properties File: org/apache/velocity/runtime/defaults/velocity.properties
Sat May 24 21:00:39 IST 2025   [info] Trying to use logger class org.apache.velocity.runtime.log.AvalonLogSystem
Sat May 24 21:00:39 IST 2025   [info] Using logger class org.apache.velocity.runtime.log.AvalonLogSystem
Sat May 24 21:00:39 IST 2025   [info] Default ResourceManager initializing. (class org.apache.velocity.runtime.resource.ResourceManagerImpl)
Sat May 24 21:00:39 IST 2025   [info] Resource Loader Instantiated: org.apache.velocity.runtime.resource.loader.ClasspathResourceLoader
Sat May 24 21:00:39 IST 2025   [info] ClasspathResourceLoader : initialization starting.
Sat May 24 21:00:39 IST 2025   [info] ClasspathResourceLoader : initialization complete.
Sat May 24 21:00:39 IST 2025   [info] ResourceCache : initialized. (class org.apache.velocity.runtime.resource.ResourceCacheImpl)
Sat May 24 21:00:39 IST 2025   [info] Default ResourceManager initialization complete.
Sat May 24 21:00:39 IST 2025   [info] Loaded System Directive: org.apache.velocity.runtime.directive.Literal
Sat May 24 21:00:39 IST 2025   [info] Loaded System Directive: org.apache.velocity.runtime.directive.Macro
Sat May 24 21:00:39 IST 2025   [info] Loaded System Directive: org.apache.velocity.runtime.directive.Parse
Sat May 24 21:00:39 IST 2025   [info] Loaded System Directive: org.apache.velocity.runtime.directive.Include
Sat May 24 21:00:39 IST 2025   [info] Loaded System Directive: org.apache.velocity.runtime.directive.Foreach
Sat May 24 21:00:39 IST 2025   [info] Created: 20 parsers.
Sat May 24 21:00:39 IST 2025   [info] Velocimacro : initialization starting.
Sat May 24 21:00:39 IST 2025   [info] Velocimacro : adding VMs from VM library template : VM_global_library.vm
Sat May 24 21:00:39 IST 2025  [error] ResourceManager : unable to find resource 'VM_global_library.vm' in any resource loader.
Sat May 24 21:00:39 IST 2025   [info] Velocimacro : error using  VM library template VM_global_library.vm : org.apache.velocity.exception.ResourceNotFoundException: Unable to find resource 'VM_global_library.vm'
Sat May 24 21:00:39 IST 2025   [info] Velocimacro :  VM library template macro registration complete.
Sat May 24 21:00:39 IST 2025   [info] Velocimacro : allowInline = true : VMs can be defined inline in templates
Sat May 24 21:00:39 IST 2025   [info] Velocimacro : allowInlineToOverride = false : VMs defined inline may NOT replace previous VM definitions
Sat May 24 21:00:39 IST 2025   [info] Velocimacro : allowInlineLocal = false : VMs defined inline will be  global in scope if allowed.
Sat May 24 21:00:39 IST 2025   [info] Velocimacro : messages on  : VM system will output logging messages
Sat May 24 21:00:39 IST 2025   [info] Velocimacro : autoload off  : VM system will not automatically reload global library macros
Sat May 24 21:00:39 IST 2025   [info] Velocimacro : initialization complete.
Sat May 24 21:00:39 IST 2025   [info] Velocity successfully started.
Sat May 24 21:00:39 IST 2025   [info] ResourceManager : found ClassTemplate.vtl with loader org.apache.velocity.runtime.resource.loader.ClasspathResourceLoader
Sat May 24 21:00:39 IST 2025   [info] ResourceManager : found ClassTemplate.vtl with loader org.apache.velocity.runtime.resource.loader.ClasspathResourceLoader
Sat May 24 21:00:39 IST 2025   [info] ResourceManager : found ClassTemplate.vtl with loader org.apache.velocity.runtime.resource.loader.ClasspathResourceLoader
Sat May 24 21:00:39 IST 2025   [info] ResourceManager : found ClassTemplate.vtl with loader org.apache.velocity.runtime.resource.loader.ClasspathResourceLoader
Sat May 24 21:00:39 IST 2025   [info] ResourceManager : found ClassTemplate.vtl with loader org.apache.velocity.runtime.resource.loader.ClasspathResourceLoader
Sat May 24 21:00:39 IST 2025   [info] ResourceManager : found ClassTemplate.vtl with loader org.apache.velocity.runtime.resource.loader.ClasspathResourceLoader
Sat May 24 21:00:39 IST 2025   [info] ResourceManager : found ClassTemplate.vtl with loader org.apache.velocity.runtime.resource.loader.ClasspathResourceLoader
Sat May 24 21:00:39 IST 2025   [info] ResourceManager : found ClassTemplate.vtl with loader org.apache.velocity.runtime.resource.loader.ClasspathResourceLoader
Sat May 24 21:00:39 IST 2025   [info] ResourceManager : found ClassTemplate.vtl with loader org.apache.velocity.runtime.resource.loader.ClasspathResourceLoader
